<?xml version="1.0" encoding="UTF-8"?>
<!-- Generated by org.testng.reporters.JUnitXMLReporter -->
<testsuite ignored="6" hostname="DESKTOP-DLJDIS2" failures="0" tests="6" name="Test" time="50.354" errors="0" timestamp="2024-07-29T19:59:40 IST">
  <testcase classname="Test.Home_Test" name="scroll" time="3.566"/>
  <testcase classname="Test.Home_Test" name="checkTitle" time="6.933"/>
  <testcase classname="Test.New_Post_Test" name="createpost" time="13.544"/>
  <testcase classname="Test.Follow_Test" name="searchpeople" time="8.114"/>
  <testcase classname="Test.Follow_Test" name="followpeople" time="4.711"/>
  <testcase classname="Test.Tag_People_Post_Test" name="postwithtag" time="13.309"/>
  <testcase classname="Test.BaseClass" name="@BeforeSuite setup" time="0.0">
    <ignored/>
  </testcase> <!-- @BeforeSuite setup -->
  <testcase classname="Test.BaseClass" name="@BeforeSuite setup" time="0.0">
    <ignored/>
  </testcase> <!-- @BeforeSuite setup -->
  <testcase classname="Test.BaseClass" name="@AfterSuite teardown" time="0.0">
    <ignored/>
  </testcase> <!-- @AfterSuite teardown -->
  <testcase classname="Test.BaseClass" name="@BeforeSuite setup" time="0.0">
    <ignored/>
  </testcase> <!-- @BeforeSuite setup -->
  <testcase classname="Test.BaseClass" name="@AfterSuite teardown" time="0.0">
    <ignored/>
  </testcase> <!-- @AfterSuite teardown -->
  <testcase classname="Test.BaseClass" name="@AfterSuite teardown" time="0.0">
    <ignored/>
  </testcase> <!-- @AfterSuite teardown -->
</testsuite> <!-- Test -->
