<?xml version="1.0" encoding="UTF-8"?>
<testng-results ignored="6" total="12" passed="6" failed="0" skipped="0">
  <reporter-output>
  </reporter-output>
  <suite started-at="2024-07-29T19:58:50 IST" name="Suite" finished-at="2024-07-29T19:59:40 IST" duration-ms="50354">
    <groups>
    </groups>
    <test started-at="2024-07-29T19:58:50 IST" name="Test" finished-at="2024-07-29T19:59:40 IST" duration-ms="50354">
      <class name="Test.Follow_Test">
        <test-method is-config="true" signature="initObj()[pri:0, instance:Test.Follow_Test@54c5a2ff]" started-at="2024-07-29T19:59:14 IST" name="initObj" finished-at="2024-07-29T19:59:14 IST" duration-ms="2" status="PASS">
          <reporter-output>
          </reporter-output>
        </test-method> <!-- initObj -->
        <test-method signature="searchpeople()[pri:0, instance:Test.Follow_Test@54c5a2ff]" started-at="2024-07-29T19:59:14 IST" name="searchpeople" finished-at="2024-07-29T19:59:22 IST" duration-ms="8114" status="PASS">
          <reporter-output>
          </reporter-output>
        </test-method> <!-- searchpeople -->
        <test-method signature="followpeople()[pri:1, instance:Test.Follow_Test@54c5a2ff]" started-at="2024-07-29T19:59:22 IST" name="followpeople" finished-at="2024-07-29T19:59:27 IST" duration-ms="4711" status="PASS">
          <reporter-output>
          </reporter-output>
        </test-method> <!-- followpeople -->
      </class> <!-- Test.Follow_Test -->
      <class name="Test.Home_Test">
        <test-method is-config="true" signature="setup()[pri:0, instance:Test.Home_Test@298a5e20]" started-at="2024-07-29T19:58:30 IST" name="setup" finished-at="2024-07-29T19:58:50 IST" duration-ms="19776" status="PASS">
          <reporter-output>
          </reporter-output>
        </test-method> <!-- setup -->
        <test-method is-config="true" signature="initObj()[pri:0, instance:Test.Home_Test@298a5e20]" started-at="2024-07-29T19:58:50 IST" name="initObj" finished-at="2024-07-29T19:58:50 IST" duration-ms="52" status="PASS">
          <reporter-output>
          </reporter-output>
        </test-method> <!-- initObj -->
        <test-method signature="scroll()[pri:0, instance:Test.Home_Test@298a5e20]" started-at="2024-07-29T19:58:50 IST" name="scroll" finished-at="2024-07-29T19:58:54 IST" duration-ms="3566" status="PASS">
          <reporter-output>
          </reporter-output>
        </test-method> <!-- scroll -->
        <test-method signature="checkTitle()[pri:1, instance:Test.Home_Test@298a5e20]" started-at="2024-07-29T19:58:54 IST" name="checkTitle" finished-at="2024-07-29T19:59:01 IST" duration-ms="6933" status="PASS">
          <reporter-output>
          </reporter-output>
        </test-method> <!-- checkTitle -->
        <test-method is-config="true" signature="teardown()[pri:0, instance:Test.Home_Test@298a5e20]" started-at="2024-07-29T19:59:40 IST" name="teardown" finished-at="2024-07-29T19:59:43 IST" duration-ms="2597" status="PASS">
          <reporter-output>
          </reporter-output>
        </test-method> <!-- teardown -->
      </class> <!-- Test.Home_Test -->
      <class name="Test.Tag_People_Post_Test">
        <test-method is-config="true" signature="initObj()[pri:0, instance:Test.Tag_People_Post_Test@6d4d66d2]" started-at="2024-07-29T19:59:27 IST" name="initObj" finished-at="2024-07-29T19:59:27 IST" duration-ms="8" status="PASS">
          <reporter-output>
          </reporter-output>
        </test-method> <!-- initObj -->
        <test-method signature="postwithtag()[pri:0, instance:Test.Tag_People_Post_Test@6d4d66d2]" started-at="2024-07-29T19:59:27 IST" name="postwithtag" finished-at="2024-07-29T19:59:40 IST" duration-ms="13309" status="PASS">
          <reporter-output>
          </reporter-output>
        </test-method> <!-- postwithtag -->
      </class> <!-- Test.Tag_People_Post_Test -->
      <class name="Test.New_Post_Test">
        <test-method is-config="true" signature="initObj()[pri:0, instance:Test.New_Post_Test@1ed4ae0f]" started-at="2024-07-29T19:59:01 IST" name="initObj" finished-at="2024-07-29T19:59:01 IST" duration-ms="10" status="PASS">
          <reporter-output>
          </reporter-output>
        </test-method> <!-- initObj -->
        <test-method signature="createpost()[pri:0, instance:Test.New_Post_Test@1ed4ae0f]" started-at="2024-07-29T19:59:01 IST" name="createpost" finished-at="2024-07-29T19:59:14 IST" duration-ms="13544" status="PASS">
          <reporter-output>
          </reporter-output>
        </test-method> <!-- createpost -->
      </class> <!-- Test.New_Post_Test -->
    </test> <!-- Test -->
  </suite> <!-- Suite -->
</testng-results>
